<<<<<<< HEAD
2021-04-21 20:02:52,779 [Worker-2: Loading available Gradle versions] INFO  o.e.b.c.i.u.g.PublishedGradleVersions - Gradle version information cache is not available. Remote download required.
2021-04-21 21:52:45,690 [Start Help Server] INFO  org.eclipse.jetty.util.log - Logging initialized @6780312ms to org.eclipse.jetty.util.log.Slf4jLog
2021-04-21 21:52:45,871 [Start Help Server] INFO  org.eclipse.jetty.server.Server - jetty-9.4.37.v20210219; built: 2021-02-23T06:49:41.320Z; git: 27afab2bd37780d179836e313e0fe11bc4fa0ce9; jvm 16.0.1+9-24
2021-04-21 21:52:45,899 [Start Help Server] INFO  org.eclipse.jetty.server.session - DefaultSessionIdManager workerName=node0
2021-04-21 21:52:45,900 [Start Help Server] INFO  org.eclipse.jetty.server.session - No SessionScavenger set, using defaults
2021-04-21 21:52:45,902 [Start Help Server] INFO  org.eclipse.jetty.server.session - node0 Scavenging every 600000ms
2021-04-21 21:52:45,943 [Start Help Server] INFO  o.e.j.server.handler.ContextHandler - Started o.e.j.s.ServletContextHandler@4e43f746{/help,null,AVAILABLE}
2021-04-21 21:52:45,982 [Start Help Server] INFO  o.e.jetty.server.AbstractConnector - Started ServerConnector@209b49a9{HTTP/1.1, (http/1.1)}{127.0.0.1:51948}
2021-04-21 21:52:45,983 [Start Help Server] INFO  org.eclipse.jetty.server.Server - Started @6780611ms
2021-04-21 21:52:45,983 [Start Help Server] INFO  org.eclipse.jetty.server.session - node0 Scavenging every 600000ms
2021-04-21 21:53:34,429 [Stop Help Server] INFO  o.e.jetty.server.AbstractConnector - Stopped ServerConnector@209b49a9{HTTP/1.1, (http/1.1)}{127.0.0.1:0}
2021-04-21 21:53:34,430 [Stop Help Server] INFO  org.eclipse.jetty.server.session - node0 Stopped scavenging
2021-04-21 21:53:34,499 [Stop Help Server] INFO  o.e.j.server.handler.ContextHandler - Stopped o.e.j.s.ServletContextHandler@4e43f746{/help,null,STOPPED}
2021-04-21 21:54:03,813 [Worker-0: Loading available Gradle versions] INFO  o.e.b.c.i.u.g.PublishedGradleVersions - Gradle version information cache is up-to-date. Trying to read.
2021-04-21 22:56:47,051 [Worker-1: Loading available Gradle versions] INFO  o.e.b.c.i.u.g.PublishedGradleVersions - Gradle version information cache is up-to-date. Trying to read.
2021-04-22 20:26:57,975 [Worker-0: Loading available Gradle versions] INFO  o.e.b.c.i.u.g.PublishedGradleVersions - Gradle version information cache is out-of-date. Trying to update.
2021-04-23 20:14:49,812 [Worker-0: Loading available Gradle versions] INFO  o.e.b.c.i.u.g.PublishedGradleVersions - Gradle version information cache is up-to-date. Trying to read.
2021-04-23 23:14:59,247 [Worker-0: Loading available Gradle versions] INFO  o.e.b.c.i.u.g.PublishedGradleVersions - Gradle version information cache is out-of-date. Trying to update.
=======
2021-04-24 21:32:46,853 [Worker-4: Loading available Gradle versions] INFO  o.e.b.c.i.u.g.PublishedGradleVersions - Gradle version information cache is up-to-date. Trying to read.
>>>>>>> 32036e3 (create commit)
